<?xml version="1.0" encoding="UTF-8"?>
<!-- Generated by org.testng.reporters.JUnitXMLReporter -->
<testsuite ignored="0" hostname="DESKTOP-F8LMP1E" failures="1" tests="1" name="Regression" time="18.085" errors="0" timestamp="2021-08-05T01:28:40 GST">
  <testcase classname="swag_app.Negative_TC2" name="totalValidation" time="3.262">
    <failure type="java.lang.IllegalMonitorStateException">
      <![CDATA[java.lang.IllegalMonitorStateException
at java.base/java.lang.Object.wait(Native Method)
at swag_app.Negative_TC2.totalValidation(Negative_TC2.java:58)
at java.base/java.util.ArrayList.forEach(ArrayList.java:1541)
... Removed 27 stack frames]]>
    </failure>
  </testcase> <!-- totalValidation -->
</testsuite> <!-- Regression -->
