<?xml version="1.0" encoding="UTF-8"?>
<testng-results ignored="0" total="1" passed="1" failed="0" skipped="0">
  <reporter-output>
  </reporter-output>
  <suite started-at="2021-09-05T09:24:35 GST" name="Default suite" finished-at="2021-09-05T09:24:58 GST" duration-ms="22466">
    <groups>
    </groups>
    <test started-at="2021-09-05T09:24:35 GST" name="Default test" finished-at="2021-09-05T09:24:58 GST" duration-ms="22466">
      <class name="swag_app.NegativeLoginTest">
        <test-method is-config="true" signature="BeforeClass()[pri:0, instance:swag_app.NegativeLoginTest@540b0448]" started-at="2021-09-05T09:24:35 GST" name="BeforeClass" finished-at="2021-09-05T09:24:51 GST" duration-ms="15764" status="PASS">
          <reporter-output>
          </reporter-output>
        </test-method> <!-- BeforeClass -->
        <test-method signature="TC01_verifyLoginUI()[pri:1, instance:swag_app.NegativeLoginTest@540b0448]" started-at="2021-09-05T09:24:51 GST" name="TC01_verifyLoginUI" finished-at="2021-09-05T09:24:54 GST" duration-ms="3281" status="PASS">
          <reporter-output>
          </reporter-output>
        </test-method> <!-- TC01_verifyLoginUI -->
        <test-method is-config="true" signature="AfterClass()[pri:0, instance:swag_app.NegativeLoginTest@540b0448]" started-at="2021-09-05T09:24:55 GST" name="AfterClass" finished-at="2021-09-05T09:24:58 GST" duration-ms="3058" status="PASS">
          <reporter-output>
          </reporter-output>
        </test-method> <!-- AfterClass -->
      </class> <!-- swag_app.NegativeLoginTest -->
    </test> <!-- Default test -->
  </suite> <!-- Default suite -->
</testng-results>
